<?xml version="1.0" encoding="UTF-8"?>
<testsuite xmlns:xsi="http://www.w3.org/2001/XMLSchema-instance" xsi:noNamespaceSchemaLocation="https://maven.apache.org/surefire/maven-surefire-plugin/xsd/surefire-test-report-3.0.xsd" version="3.0" name="com.buyglimmer.backend.BuyGlimmerBackendApplicationTests" time="10.749" tests="1" errors="0" skipped="0" failures="0">
  <properties>
[...]
</properties>
  <testcase name="contextLoads" classname="com.buyglimmer.backend.BuyGlimmerBackendApplicationTests" time="2.73">
    <system-out><![CDATA[20:26:58.247 [main] INFO org.springframework.test.context.support.AnnotationConfigContextLoaderUtils -- Could not detect default configuration classes for test class [com.buyglimmer.backend.BuyGlimmerBackendApplicationTests]: BuyGlimmerBackendApplicationTests does not declare any static, non-private, non-final, nested classes annotated with @Configuration.
20:26:58.547 [main] INFO org.springframework.boot.test.context.SpringBootTestContextBootstrapper -- Found @SpringBootConfiguration com.buyglimmer.backend.BuyGlimmerBackendApplication for test class com.buyglimmer.backend.BuyGlimmerBackendApplicationTests

  .   ____          _            __ _ _
 /\\ / ___'_ __ _ _(_)_ __  __ _ \ \ \ \
( ( )\___ | '_ | '_| | '_ \/ _` | \ \ \ \
 \\/  ___)| |_)| | | | | || (_| |  ) ) ) )
  '  |____| .__|_| |_|_| |_\__, | / / / /
 =========|_|==============|___/=/_/_/_/

 :: Spring Boot ::                (v3.3.6)

2026-03-17T20:26:59.855+05:30  INFO 16960 --- [buyglimmer-backend] [           main] c.b.b.BuyGlimmerBackendApplicationTests  : Starting BuyGlimmerBackendApplicationTests using Java 17.0.17 with PID 16960 (started by HIMAVANTH in C:\workspace\BuyGlimmer-Backend)
2026-03-17T20:26:59.860+05:30  INFO 16960 --- [buyglimmer-backend] [           main] c.b.b.BuyGlimmerBackendApplicationTests  : No active profile set, falling back to 1 default profile: "default"
2026-03-17T20:27:03.248+05:30  INFO 16960 --- [buyglimmer-backend] [           main] com.zaxxer.hikari.HikariDataSource       : HikariPool-1 - Starting...
2026-03-17T20:27:03.841+05:30  INFO 16960 --- [buyglimmer-backend] [           main] com.zaxxer.hikari.pool.HikariPool        : HikariPool-1 - Added connection conn0: url=jdbc:h2:mem:buyglimmer user=SA
2026-03-17T20:27:03.844+05:30  INFO 16960 --- [buyglimmer-backend] [           main] com.zaxxer.hikari.HikariDataSource       : HikariPool-1 - Start completed.
2026-03-17T20:27:05.693+05:30  INFO 16960 --- [buyglimmer-backend] [           main] o.s.b.a.h2.H2ConsoleAutoConfiguration    : H2 console available at '/h2-console'. Database available at 'jdbc:h2:mem:buyglimmer'
2026-03-17T20:27:05.808+05:30  INFO 16960 --- [buyglimmer-backend] [           main] c.b.b.BuyGlimmerBackendApplicationTests  : Started BuyGlimmerBackendApplicationTests in 6.769 seconds (process running for 9.465)
]]></system-out>
  </testcase>
</testsuite>